# JRE version: 7.0_25-b15
# Java VM: Java HotSpot(TM) 64-Bit Server VM (23.25-b01 mixed mode linux-amd64 compressed oops)
Heap
 PSYoungGen      total 264064K, used 15035K [0x00000000ebe00000, 0x00000000fff20000, 0x0000000100000000)
  eden space 249024K, 0% used [0x00000000ebe00000,0x00000000ebe00000,0x00000000fb130000)
  from space 15040K, 99% used [0x00000000ff070000,0x00000000fff1ed28,0x00000000fff20000)
  to   space 28288K, 0% used [0x00000000fc7e0000,0x00000000fc7e0000,0x00000000fe380000)
 ParOldGen       total 71936K, used 70403K [0x00000000c3a00000, 0x00000000c8040000, 0x00000000ebe00000)
  object space 71936K, 97% used [0x00000000c3a00000,0x00000000c7ec0d98,0x00000000c8040000)
 PSPermGen       total 27584K, used 13825K [0x00000000be800000, 0x00000000c02f0000, 0x00000000c3a00000)
  object space 27584K, 50% used [0x00000000be800000,0x00000000bf580540,0x00000000c02f0000)
GC Heap History (10 events):
Event: 7,531 GC heap after
Heap after GC invocations=9 (full 0):
 PSYoungGen      total 132096K, used 11568K [0x00000000ebe00000, 0x00000000f9890000, 0x0000000100000000)
  eden space 120512K, 0% used [0x00000000ebe00000,0x00000000ebe00000,0x00000000f33b0000)
  from space 11584K, 99% used [0x00000000f33b0000,0x00000000f3efc018,0x00000000f3f00000)
  to   space 15488K, 0% used [0x00000000f8970000,0x00000000f8970000,0x00000000f9890000)
 ParOldGen       total 41216K, used 26077K [0x00000000c3a00000, 0x00000000c6240000, 0x00000000ebe00000)
  object space 41216K, 63% used [0x00000000c3a00000,0x00000000c53775c0,0x00000000c6240000)
 PSPermGen       total 21248K, used 8789K [0x00000000be800000, 0x00000000bfcc0000, 0x00000000c3a00000)
  object space 21248K, 41% used [0x00000000be800000,0x00000000bf095638,0x00000000bfcc0000)
}
Event: 8,059 GC heap before
{Heap before GC invocations=10 (full 0):
 PSYoungGen      total 132096K, used 132080K [0x00000000ebe00000, 0x00000000f9890000, 0x0000000100000000)
  eden space 120512K, 100% used [0x00000000ebe00000,0x00000000f33b0000,0x00000000f33b0000)
  from space 11584K, 99% used [0x00000000f33b0000,0x00000000f3efc018,0x00000000f3f00000)
  to   space 15488K, 0% used [0x00000000f8970000,0x00000000f8970000,0x00000000f9890000)
 ParOldGen       total 41216K, used 26077K [0x00000000c3a00000, 0x00000000c6240000, 0x00000000ebe00000)
  object space 41216K, 63% used [0x00000000c3a00000,0x00000000c53775c0,0x00000000c6240000)
 PSPermGen       total 21248K, used 8811K [0x00000000be800000, 0x00000000bfcc0000, 0x00000000c3a00000)
  object space 21248K, 41% used [0x00000000be800000,0x00000000bf09ae98,0x00000000bfcc0000)
Event: 8,105 GC heap after
Heap after GC invocations=10 (full 0):
 PSYoungGen      total 208320K, used 9637K [0x00000000ebe00000, 0x00000000f9890000, 0x0000000100000000)
  eden space 192832K, 0% used [0x00000000ebe00000,0x00000000ebe00000,0x00000000f7a50000)
  from space 15488K, 62% used [0x00000000f8970000,0x00000000f92d9490,0x00000000f9890000)
  to   space 15488K, 0% used [0x00000000f7a50000,0x00000000f7a50000,0x00000000f8970000)
 ParOldGen       total 41216K, used 32021K [0x00000000c3a00000, 0x00000000c6240000, 0x00000000ebe00000)
  object space 41216K, 77% used [0x00000000c3a00000,0x00000000c59455c0,0x00000000c6240000)
 PSPermGen       total 21248K, used 8811K [0x00000000be800000, 0x00000000bfcc0000, 0x00000000c3a00000)
  object space 21248K, 41% used [0x00000000be800000,0x00000000bf09ae98,0x00000000bfcc0000)
}
Event: 10,392 GC heap before
{Heap before GC invocations=11 (full 0):
 PSYoungGen      total 208320K, used 202469K [0x00000000ebe00000, 0x00000000f9890000, 0x0000000100000000)
  eden space 192832K, 100% used [0x00000000ebe00000,0x00000000f7a50000,0x00000000f7a50000)
  from space 15488K, 62% used [0x00000000f8970000,0x00000000f92d9490,0x00000000f9890000)
  to   space 15488K, 0% used [0x00000000f7a50000,0x00000000f7a50000,0x00000000f8970000)
 ParOldGen       total 41216K, used 32021K [0x00000000c3a00000, 0x00000000c6240000, 0x00000000ebe00000)
  object space 41216K, 77% used [0x00000000c3a00000,0x00000000c59455c0,0x00000000c6240000)
 PSPermGen       total 21248K, used 13660K [0x00000000be800000, 0x00000000bfcc0000, 0x00000000c3a00000)
  object space 21248K, 64% used [0x00000000be800000,0x00000000bf5571e0,0x00000000bfcc0000)
Event: 10,439 GC heap after
Heap after GC invocations=11 (full 0):
 PSYoungGen      total 208320K, used 5799K [0x00000000ebe00000, 0x00000000fff20000, 0x0000000100000000)
  eden space 192832K, 0% used [0x00000000ebe00000,0x00000000ebe00000,0x00000000f7a50000)
  from space 15488K, 37% used [0x00000000f7a50000,0x00000000f7ff9dd0,0x00000000f8970000)
  to   space 15040K, 0% used [0x00000000ff070000,0x00000000ff070000,0x00000000fff20000)
 ParOldGen       total 41216K, used 40389K [0x00000000c3a00000, 0x00000000c6240000, 0x00000000ebe00000)
  object space 41216K, 97% used [0x00000000c3a00000,0x00000000c61715d0,0x00000000c6240000)
 PSPermGen       total 21248K, used 13660K [0x00000000be800000, 0x00000000bfcc0000, 0x00000000c3a00000)
  object space 21248K, 64% used [0x00000000be800000,0x00000000bf5571e0,0x00000000bfcc0000)
}
Event: 10,439 GC heap before
{Heap before GC invocations=12 (full 1):
 PSYoungGen      total 208320K, used 5799K [0x00000000ebe00000, 0x00000000fff20000, 0x0000000100000000)
  eden space 192832K, 0% used [0x00000000ebe00000,0x00000000ebe00000,0x00000000f7a50000)
  from space 15488K, 37% used [0x00000000f7a50000,0x00000000f7ff9dd0,0x00000000f8970000)
  to   space 15040K, 0% used [0x00000000ff070000,0x00000000ff070000,0x00000000fff20000)
 ParOldGen       total 41216K, used 40389K [0x00000000c3a00000, 0x00000000c6240000, 0x00000000ebe00000)
  object space 41216K, 97% used [0x00000000c3a00000,0x00000000c61715d0,0x00000000c6240000)
 PSPermGen       total 21248K, used 13660K [0x00000000be800000, 0x00000000bfcc0000, 0x00000000c3a00000)
  object space 21248K, 64% used [0x00000000be800000,0x00000000bf5571e0,0x00000000bfcc0000)
Event: 10,915 GC heap after
Heap after GC invocations=12 (full 1):
 PSYoungGen      total 208320K, used 0K [0x00000000ebe00000, 0x00000000fff20000, 0x0000000100000000)
  eden space 192832K, 0% used [0x00000000ebe00000,0x00000000ebe00000,0x00000000f7a50000)
  from space 15488K, 0% used [0x00000000f7a50000,0x00000000f7a50000,0x00000000f8970000)
  to   space 15040K, 0% used [0x00000000ff070000,0x00000000ff070000,0x00000000fff20000)
 ParOldGen       total 71936K, used 40070K [0x00000000c3a00000, 0x00000000c8040000, 0x00000000ebe00000)
  object space 71936K, 55% used [0x00000000c3a00000,0x00000000c61219f0,0x00000000c8040000)
 PSPermGen       total 27584K, used 13654K [0x00000000be800000, 0x00000000c02f0000, 0x00000000c3a00000)
  object space 27584K, 49% used [0x00000000be800000,0x00000000bf555968,0x00000000c02f0000)
}
Event: 14,834 GC heap before
{Heap before GC invocations=13 (full 1):
 PSYoungGen      total 208320K, used 192832K [0x00000000ebe00000, 0x00000000fff20000, 0x0000000100000000)
  eden space 192832K, 100% used [0x00000000ebe00000,0x00000000f7a50000,0x00000000f7a50000)
  from space 15488K, 0% used [0x00000000f7a50000,0x00000000f7a50000,0x00000000f8970000)
  to   space 15040K, 0% used [0x00000000ff070000,0x00000000ff070000,0x00000000fff20000)
 ParOldGen       total 71936K, used 40070K [0x00000000c3a00000, 0x00000000c8040000, 0x00000000ebe00000)
  object space 71936K, 55% used [0x00000000c3a00000,0x00000000c61219f0,0x00000000c8040000)
 PSPermGen       total 27584K, used 13825K [0x00000000be800000, 0x00000000c02f0000, 0x00000000c3a00000)
  object space 27584K, 50% used [0x00000000be800000,0x00000000bf580540,0x00000000c02f0000)
Event: 14,999 GC heap after
Heap after GC invocations=13 (full 1):
 PSYoungGen      total 264064K, used 15035K [0x00000000ebe00000, 0x00000000fff20000, 0x0000000100000000)
  eden space 249024K, 0% used [0x00000000ebe00000,0x00000000ebe00000,0x00000000fb130000)
  from space 15040K, 99% used [0x00000000ff070000,0x00000000fff1ed28,0x00000000fff20000)
  to   space 28288K, 0% used [0x00000000fc7e0000,0x00000000fc7e0000,0x00000000fe380000)
 ParOldGen       total 71936K, used 70403K [0x00000000c3a00000, 0x00000000c8040000, 0x00000000ebe00000)
  object space 71936K, 97% used [0x00000000c3a00000,0x00000000c7ec0d98,0x00000000c8040000)
 PSPermGen       total 27584K, used 13825K [0x00000000be800000, 0x00000000c02f0000, 0x00000000c3a00000)
  object space 27584K, 50% used [0x00000000be800000,0x00000000bf580540,0x00000000c02f0000)
}
Event: 15,000 GC heap before
{Heap before GC invocations=14 (full 2):
 PSYoungGen      total 264064K, used 15035K [0x00000000ebe00000, 0x00000000fff20000, 0x0000000100000000)
  eden space 249024K, 0% used [0x00000000ebe00000,0x00000000ebe00000,0x00000000fb130000)
  from space 15040K, 99% used [0x00000000ff070000,0x00000000fff1ed28,0x00000000fff20000)
  to   space 28288K, 0% used [0x00000000fc7e0000,0x00000000fc7e0000,0x00000000fe380000)
 ParOldGen       total 71936K, used 70403K [0x00000000c3a00000, 0x00000000c8040000, 0x00000000ebe00000)
  object space 71936K, 97% used [0x00000000c3a00000,0x00000000c7ec0d98,0x00000000c8040000)
 PSPermGen       total 27584K, used 13825K [0x00000000be800000, 0x00000000c02f0000, 0x00000000c3a00000)
  object space 27584K, 50% used [0x00000000be800000,0x00000000bf580540,0x00000000c02f0000)

